{"/Users/tummeng/Nodejs/ERX/app/services/CountryService.js": {"path":"/Users/tummeng/Nodejs/ERX/app/services/CountryService.js","statementMap":{"0":{"start":{"line":5,"column":8},"end":{"line":5,"column":33}},"1":{"start":{"line":9,"column":0},"end":{"line":9,"column":38}}},"fnMap":{"0":{"name":"(anonymous_0)","decl":{"start":{"line":3,"column":4},"end":{"line":3,"column":5}},"loc":{"start":{"line":4,"column":4},"end":{"line":6,"column":5}},"line":4}},"branchMap":{},"s":{"0":1,"1":1},"f":{"0":1},"b":{},"_coverageSchema":"1a1c01bbd47fc00a2c39e90264f33305004495a9","hash":"a6e8b806667dcb2843c8d4e83aa2e053854144d2"}
}
